[2013-07-17 08:57:26] START
[2013-07-17 08:59:11] EDIT wiki/models/db.py: 9
[2013-07-17 09:28:57] EDIT wiki/controllers/default.py: -3
[2013-07-17 10:07:15] CREATE default/creat.html: 0
[2013-07-17 10:07:30] EDIT wiki/views/default/creat.html: 0
[2013-07-17 10:10:33] CREATE default/create.html: 0
[2013-07-17 10:10:48] EDIT wiki/views/default/create.html: 0
[2013-07-17 10:11:05] DELETE wiki/views/default/creat.html: -3
[2013-07-17 10:12:28] EDIT wiki/views/default/index.html: -25
[2013-07-17 10:22:07] EDIT wiki/controllers/default.py: 1
[2013-07-17 10:22:22] CREATE default/show.html: 0
[2013-07-17 10:22:41] EDIT wiki/views/default/show.html: 9
[2013-07-17 10:27:14] CREATE default/edit.html: 0
[2013-07-17 10:27:19] EDIT wiki/views/default/edit.html: 1
[2013-07-17 10:28:57] CREATE default/docments.html: 0
[2013-07-17 10:29:01] EDIT wiki/views/default/docments.html: 2
[2013-07-17 10:30:17] DELETE wiki/views/default/docments.html: -5
[2013-07-17 10:30:28] CREATE default/documents.html: 0
[2013-07-17 10:30:33] EDIT wiki/views/default/documents.html: 2
[2013-07-17 10:33:17] CREATE default/search.html: 0
[2013-07-17 10:33:32] EDIT wiki/views/default/search.html: 1
[2013-07-17 10:59:56] EDIT wiki/controllers/default.py: 15
