[2013-07-15 15:05:37] START
[2013-07-15 15:06:44] EDIT myapp/controllers/default.py: -7
[2013-07-15 15:07:17] EDIT myapp/controllers/default.py: 0
[2013-07-15 15:08:27] EDIT myapp/controllers/default.py: 0
[2013-07-15 15:08:52] CREATE index.html: 0
[2013-07-15 15:09:15] EDIT myapp/views/index.html: 3
[2013-07-15 15:10:29] EDIT myapp/views/default/index.html: -26
[2013-07-15 15:14:32] EDIT myapp/controllers/default.py: 0
[2013-07-15 15:15:00] EDIT myapp/controllers/default.py: 0
[2013-07-15 15:19:04] EDIT myapp/views/default/index.html: 1
[2013-07-15 15:20:23] EDIT myapp/controllers/default.py: 4
[2013-07-15 15:20:39] CREATE default/first.html: 0
[2013-07-15 15:21:43] CREATE default/second.html: 0
[2013-07-15 15:21:47] EDIT myapp/views/default/second.html: -1
[2013-07-15 15:23:48] EDIT myapp/views/default/first.html: 3
[2013-08-04 09:23:25] EDIT myapp/models/db.py: 3
[2013-08-04 09:24:45] EDIT myapp/controllers/default.py: 11
[2013-08-04 09:26:31] EDIT myapp/controllers/default.py: 0
[2013-08-04 09:26:38] EDIT myapp/controllers/default.py: 0
[2013-08-04 09:27:33] CREATE default/display_form.html: 0
[2013-08-04 09:27:53] EDIT myapp/views/default/display_form.html: 1
[2013-08-04 09:33:32] EDIT myapp/controllers/default.py: 0
[2013-08-04 09:34:01] EDIT myapp/controllers/default.py: 0
[2013-08-04 09:34:53] EDIT myapp/views/default/display_form.html: -1
[2013-08-04 09:36:09] EDIT myapp/controllers/default.py: 0
[2013-08-04 09:37:06] EDIT myapp/controllers/default.py: 0
[2013-08-04 09:38:26] EDIT myapp/controllers/default.py: 0
[2013-08-04 09:38:41] EDIT myapp/controllers/default.py: 0
[2013-08-04 09:38:57] EDIT myapp/controllers/default.py: 0
